::1 - - [03/Jun/2018:10:12:30 -0500] "GET / HTTP/1.1" 200 75982
::1 - - [03/Jun/2018:10:12:30 -0500] "GET /images/header.png HTTP/1.1" 200 7766
::1 - - [03/Jun/2018:10:12:30 -0500] "GET /index.php?=PHPE9568F34-D428-11d2-A769-00AA001ACF42 HTTP/1.1" 200 2524
::1 - - [03/Jun/2018:10:12:30 -0500] "GET /index.php?=PHPE9568F35-D428-11d2-A769-00AA001ACF42 HTTP/1.1" 200 2146
::1 - - [03/Jun/2018:10:12:31 -0500] "GET /images/background.jpg HTTP/1.1" 200 12386
::1 - - [03/Jun/2018:10:12:31 -0500] "GET /images/content.jpg HTTP/1.1" 200 11916
::1 - - [03/Jun/2018:10:12:31 -0500] "GET /images/banner.jpg HTTP/1.1" 200 38149
::1 - - [03/Jun/2018:10:12:31 -0500] "GET /images/topcontent.jpg HTTP/1.1" 200 11578
::1 - - [03/Jun/2018:10:12:31 -0500] "GET /images/menu.jpg HTTP/1.1" 200 11219
::1 - - [03/Jun/2018:10:12:31 -0500] "GET /images/menuright.jpg HTTP/1.1" 200 11239
::1 - - [03/Jun/2018:10:12:31 -0500] "GET /images/menuleft.jpg HTTP/1.1" 200 11236
::1 - - [03/Jun/2018:10:12:31 -0500] "GET /favicon.ico HTTP/1.1" 404 209
::1 - - [03/Jun/2018:10:12:30 -0500] "GET /phpmyadmin/ HTTP/1.1" 200 7997
::1 - - [03/Jun/2018:10:12:31 -0500] "GET /phpmyadmin/js/get_scripts.js.php?scripts[]=jquery/jquery-1.8.3.js&scripts[]=ajax.js&scripts[]=keyhandler.js&scripts[]=jquery/jquery-ui-1.9.2.custom.js&scripts[]=jquery/jquery.sprintf.js&scripts[]=jquery/jquery.cookie.js&scripts[]=jquery/jquery.mousewheel.js&scripts[]=jquery/jquery.event.drag-2.2.js&scripts[]=jquery/jquery-ui-timepicker-addon.js&scripts[]=jquery/jquery.ba-hashchange-1.3.js&scripts[]=jquery/jquery.debounce-1.0.5.js&scripts[]=jquery/jquery.menuResizer-1.0.js&scripts[]=rte.js&scripts[]=functions.js&scripts[]=navigation.js&scripts[]=indexes.js&scripts[]=common.js&scripts[]=codemirror/lib/codemirror.js&scripts[]=codemirror/mode/mysql/mysql.js HTTP/1.1" 200 578562
::1 - - [03/Jun/2018:10:12:31 -0500] "GET /phpmyadmin/phpmyadmin.css.php?server=1&token=efdf9599570031d8b46f714750b1cd29&nocache=4125195912ltr HTTP/1.1" 200 88608
::1 - - [03/Jun/2018:10:12:31 -0500] "GET /phpmyadmin/js/get_image.js.php?theme=pmahomme HTTP/1.1" 200 6263
::1 - - [03/Jun/2018:10:12:31 -0500] "GET /phpmyadmin/js/messages.php?lang=es&db=&server=0&token=3ff57d2d0a149e559327339778a27024 HTTP/1.1" 200 18333
::1 - - [03/Jun/2018:10:12:33 -0500] "GET /phpmyadmin/favicon.ico HTTP/1.1" 200 18902
::1 - - [03/Jun/2018:10:12:47 -0500] "POST /phpmyadmin/index.php HTTP/1.1" 302 -
::1 - - [03/Jun/2018:10:12:47 -0500] "GET /phpmyadmin/index.php?token=efdf9599570031d8b46f714750b1cd29 HTTP/1.1" 200 48885
::1 - - [03/Jun/2018:10:12:47 -0500] "GET /phpmyadmin/js/messages.php?lang=es&db=&server=0&token=efdf9599570031d8b46f714750b1cd29 HTTP/1.1" 200 18333
::1 - - [03/Jun/2018:10:12:47 -0500] "GET /phpmyadmin/phpmyadmin.css.php?server=1&token=efdf9599570031d8b46f714750b1cd29&nocache=5653234679ltr HTTP/1.1" 200 88608
::1 - - [03/Jun/2018:10:12:48 -0500] "GET /phpmyadmin/version_check.php?&_nocache=1528038768279404314 HTTP/1.1" 200 39
::1 - - [03/Jun/2018:10:12:55 -0500] "GET /phpmyadmin/db_structure.php?server=1&db=ejemplos&token=efdf9599570031d8b46f714750b1cd29&ajax_request=true&ajax_page_request=true&menuHashes=45684cb4&_nocache=1528038775737438028 HTTP/1.1" 200 27237
::1 - - [03/Jun/2018:10:12:56 -0500] "GET /phpmyadmin/js/get_scripts.js.php?scripts[]=db_structure.js&scripts[]=tbl_change.js HTTP/1.1" 200 12382
::1 - - [03/Jun/2018:10:12:59 -0500] "GET /phpmyadmin/navigation.php?ajax_request=1&token=efdf9599570031d8b46f714750b1cd29&aPath=cm9vdA%3D%3D.ZWplbXBsb3M%3D&vPath=cm9vdA%3D%3D.ZWplbXBsb3M%3D&pos=0&pos2_name=&pos2_value=&searchClause=&searchClause2=&_nocache=1528038779334807591 HTTP/1.1" 200 5309
::1 - - [03/Jun/2018:10:13:00 -0500] "GET /phpmyadmin/db_structure.php?db=ejemplos&token=efdf9599570031d8b46f714750b1cd29&ajax_request=true&ajax_page_request=true&menuHashes=45684cb4-b8d74638&_nocache=1528038780795147657 HTTP/1.1" 200 24061
::1 - - [03/Jun/2018:10:13:09 -0500] "POST /phpmyadmin/db_structure.php HTTP/1.1" 200 4181
::1 - - [03/Jun/2018:10:13:11 -0500] "POST /phpmyadmin/db_structure.php HTTP/1.1" 200 12447
::1 - - [03/Jun/2018:10:13:12 -0500] "POST /phpmyadmin/navigation.php?ajax_request=1&token=efdf9599570031d8b46f714750b1cd29 HTTP/1.1" 200 3310
::1 - - [03/Jun/2018:10:13:39 -0500] "GET /phpmyadmin/sql.php?server=1&db=ejemplos&table=comesales&pos=0&token=efdf9599570031d8b46f714750b1cd29&ajax_request=true&ajax_page_request=true&menuHashes=45684cb4-b8d74638&_nocache=1528038819528731538 HTTP/1.1" 200 41455
::1 - - [03/Jun/2018:10:13:39 -0500] "GET /phpmyadmin/themes/pmahomme/img/s_fulltext.png HTTP/1.1" 200 193
::1 - - [03/Jun/2018:10:13:39 -0500] "GET /phpmyadmin/js/get_scripts.js.php?scripts[]=tbl_structure.js&scripts[]=gis_data_editor.js&scripts[]=makegrid.js&scripts[]=sql.js HTTP/1.1" 200 50287
::1 - - [03/Jun/2018:10:13:39 -0500] "GET /phpmyadmin/themes/pmahomme/img/col_pointer.png HTTP/1.1" 200 113
::1 - - [03/Jun/2018:10:13:39 -0500] "GET /phpmyadmin/themes/pmahomme/img/col_drop.png HTTP/1.1" 200 132
::1 - - [03/Jun/2018:10:13:39 -0500] "GET /phpmyadmin/index.php?ajax_request=1&recent_table=1&token=efdf9599570031d8b46f714750b1cd29 HTTP/1.1" 200 221
::1 - - [03/Jun/2018:10:13:45 -0500] "GET /phpmyadmin/index.php?token=efdf9599570031d8b46f714750b1cd29&ajax_request=true&ajax_page_request=true&menuHashes=45684cb4-b8d74638-9e5749d4&_nocache=1528038825974442270 HTTP/1.1" 200 42699
::1 - - [03/Jun/2018:10:13:46 -0500] "GET /phpmyadmin/version_check.php?&_nocache=1528038826159461169 HTTP/1.1" 200 39
::1 - - [03/Jun/2018:10:13:51 -0500] "GET /phpmyadmin/index.php?token=efdf9599570031d8b46f714750b1cd29&ajax_request=true&ajax_page_request=true&menuHashes=45684cb4-b8d74638-9e5749d4&_nocache=1528038831406532557 HTTP/1.1" 200 42699
::1 - - [03/Jun/2018:10:13:51 -0500] "GET /phpmyadmin/version_check.php?&_nocache=1528038831567371689 HTTP/1.1" 200 39
::1 - - [03/Jun/2018:10:13:52 -0500] "GET /phpmyadmin/server_databases.php?db=&token=efdf9599570031d8b46f714750b1cd29&ajax_request=true&ajax_page_request=true&menuHashes=45684cb4-b8d74638-9e5749d4&_nocache=1528038832064678506 HTTP/1.1" 200 41525
::1 - - [03/Jun/2018:10:13:52 -0500] "GET /phpmyadmin/js/get_scripts.js.php?scripts[]=server_databases.js HTTP/1.1" 200 1818
::1 - - [03/Jun/2018:10:13:56 -0500] "GET /phpmyadmin/themes/pmahomme/jquery/images/ui-bg_flat_75_ffffff_40x100.png HTTP/1.1" 200 178
::1 - - [03/Jun/2018:10:13:56 -0500] "GET /phpmyadmin/themes/pmahomme/jquery/images/ui-icons_222222_256x240.png HTTP/1.1" 200 4369
::1 - - [03/Jun/2018:10:13:56 -0500] "GET /phpmyadmin/themes/pmahomme/jquery/images/ui-bg_glass_75_e6e6e6_1x400.png HTTP/1.1" 200 110
::1 - - [03/Jun/2018:10:13:56 -0500] "GET /phpmyadmin/themes/pmahomme/jquery/images/ui-bg_highlight-soft_75_cccccc_1x100.png HTTP/1.1" 200 101
::1 - - [03/Jun/2018:10:13:56 -0500] "GET /phpmyadmin/themes/pmahomme/jquery/images/ui-bg_flat_0_aaaaaa_40x100.png HTTP/1.1" 200 180
::1 - - [03/Jun/2018:10:13:56 -0500] "GET /phpmyadmin/themes/pmahomme/jquery/images/ui-bg_glass_75_dadada_1x400.png HTTP/1.1" 200 159
::1 - - [03/Jun/2018:10:13:56 -0500] "GET /phpmyadmin/themes/pmahomme/jquery/images/ui-bg_glass_65_ffffff_1x400.png HTTP/1.1" 200 105
::1 - - [03/Jun/2018:10:13:57 -0500] "POST /phpmyadmin/server_databases.php?pos=0&dbstats=0&sort_by=SCHEMA_NAME&sort_order=asc&drop_selected_dbs=1&token=efdf9599570031d8b46f714750b1cd29&selected_dbs%5B%5D=ejemplos&drop_selected_dbs=1&is_js_confirmed=1&ajax_request=true HTTP/1.1" 200 190
::1 - - [03/Jun/2018:10:13:57 -0500] "POST /phpmyadmin/navigation.php?ajax_request=1&token=efdf9599570031d8b46f714750b1cd29 HTTP/1.1" 200 1293
::1 - - [03/Jun/2018:10:13:59 -0500] "GET /phpmyadmin/server_import.php?db=&token=efdf9599570031d8b46f714750b1cd29&ajax_request=true&ajax_page_request=true&menuHashes=45684cb4-b8d74638-9e5749d4-a88c4f96&_nocache=1528038839918128922 HTTP/1.1" 200 15780
::1 - - [03/Jun/2018:10:14:00 -0500] "GET /phpmyadmin/js/get_scripts.js.php?scripts[]=import.js HTTP/1.1" 200 1584
::1 - - [03/Jun/2018:10:14:15 -0500] "POST /phpmyadmin/import.php HTTP/1.1" 200 21403
::1 - - [03/Jun/2018:10:14:21 -0500] "GET /phpmyadmin/js/get_scripts.js.php?scripts[]=jquery/jquery-1.8.3.js&scripts[]=ajax.js&scripts[]=keyhandler.js&scripts[]=jquery/jquery-ui-1.9.2.custom.js&scripts[]=jquery/jquery.sprintf.js&scripts[]=jquery/jquery.cookie.js&scripts[]=jquery/jquery.mousewheel.js&scripts[]=jquery/jquery.event.drag-2.2.js&scripts[]=jquery/jquery-ui-timepicker-addon.js&scripts[]=jquery/jquery.ba-hashchange-1.3.js&scripts[]=jquery/jquery.debounce-1.0.5.js&scripts[]=jquery/jquery.menuResizer-1.0.js&scripts[]=rte.js&scripts[]=functions.js&scripts[]=navigation.js&scripts[]=indexes.js&scripts[]=common.js&scripts[]=import.js&scripts[]=codemirror/lib/codemirror.js&scripts[]=codemirror/mode/mysql/mysql.js HTTP/1.1" 200 580146
::1 - - [03/Jun/2018:10:14:23 -0500] "GET /phpmyadmin/navigation.php?ajax_request=1&token=efdf9599570031d8b46f714750b1cd29&aPath=cm9vdA%3D%3D.ZWplbXBsb3M%3D&vPath=cm9vdA%3D%3D.ZWplbXBsb3M%3D&pos=0&pos2_name=&pos2_value=&searchClause=&searchClause2=&_nocache=1528038863452282621 HTTP/1.1" 200 5309
::1 - - [03/Jun/2018:10:14:24 -0500] "GET /phpmyadmin/sql.php?server=1&db=ejemplos&table=atenciones&pos=0&token=efdf9599570031d8b46f714750b1cd29&ajax_request=true&ajax_page_request=true&_nocache=1528038864838620841 HTTP/1.1" 200 10528
::1 - - [03/Jun/2018:10:14:25 -0500] "GET /phpmyadmin/js/get_scripts.js.php?scripts[]=tbl_change.js&scripts[]=tbl_structure.js&scripts[]=gis_data_editor.js HTTP/1.1" 200 22203
::1 - - [03/Jun/2018:10:14:25 -0500] "GET /phpmyadmin/index.php?ajax_request=1&recent_table=1&token=efdf9599570031d8b46f714750b1cd29 HTTP/1.1" 200 351
::1 - - [03/Jun/2018:10:14:27 -0500] "GET /phpmyadmin/navigation.php?ajax_request=1&token=efdf9599570031d8b46f714750b1cd29&aPath=cm9vdA%3D%3D.ZWplbXBsb3M%3D.dGFibGVz.YXRlbmNpb25lcw%3D%3D&vPath=cm9vdA%3D%3D.ZWplbXBsb3M%3D.VGFibGFz.YXRlbmNpb25lcw%3D%3D&pos=0&pos2_name=tables&pos2_value=0&searchClause=&searchClause2=&_nocache=1528038867625906194 HTTP/1.1" 200 3481
::1 - - [03/Jun/2018:10:14:28 -0500] "GET /phpmyadmin/sql.php?server=1&db=ejemplos&table=atenciones&pos=0&token=efdf9599570031d8b46f714750b1cd29&ajax_request=true&ajax_page_request=true&menuHashes=222d0b4c&_nocache=1528038868542607171 HTTP/1.1" 200 7408
::1 - - [03/Jun/2018:10:14:28 -0500] "GET /phpmyadmin/index.php?ajax_request=1&recent_table=1&token=efdf9599570031d8b46f714750b1cd29 HTTP/1.1" 200 351
::1 - - [03/Jun/2018:10:14:29 -0500] "GET /phpmyadmin/tbl_structure.php?db=ejemplos&table=atenciones&token=efdf9599570031d8b46f714750b1cd29&ajax_request=true&ajax_page_request=true&menuHashes=222d0b4c&_nocache=1528038869910346370 HTTP/1.1" 200 29674
::1 - - [03/Jun/2018:10:14:30 -0500] "GET /phpmyadmin/index.php?ajax_request=1&recent_table=1&token=efdf9599570031d8b46f714750b1cd29 HTTP/1.1" 200 351
::1 - - [03/Jun/2018:10:14:34 -0500] "GET /phpmyadmin/sql.php?server=1&db=ejemplos&table=comesales&pos=0&token=efdf9599570031d8b46f714750b1cd29&ajax_request=true&ajax_page_request=true&menuHashes=222d0b4c-132a7f27&_nocache=1528038874100684151 HTTP/1.1" 200 73190
::1 - - [03/Jun/2018:10:14:34 -0500] "GET /phpmyadmin/js/get_scripts.js.php?scripts[]=makegrid.js&scripts[]=sql.js HTTP/1.1" 200 35099
::1 - - [03/Jun/2018:10:14:34 -0500] "GET /phpmyadmin/index.php?ajax_request=1&recent_table=1&token=efdf9599570031d8b46f714750b1cd29 HTTP/1.1" 200 351
::1 - - [03/Jun/2018:10:14:42 -0500] "GET /phpmyadmin/sql.php?server=1&db=ejemplos&table=comesales&pos=0&token=efdf9599570031d8b46f714750b1cd29&ajax_request=true&ajax_page_request=true&menuHashes=222d0b4c-132a7f27-9e5749d4&_nocache=1528038882138357857 HTTP/1.1" 200 70081
::1 - - [03/Jun/2018:10:14:42 -0500] "GET /phpmyadmin/index.php?ajax_request=1&recent_table=1&token=efdf9599570031d8b46f714750b1cd29 HTTP/1.1" 200 351
::1 - - [03/Jun/2018:10:14:45 -0500] "GET /phpmyadmin/sql.php?server=1&db=ejemplos&table=comesales&pos=0&token=efdf9599570031d8b46f714750b1cd29&ajax_request=true&ajax_page_request=true&menuHashes=222d0b4c-132a7f27-9e5749d4&_nocache=1528038885895152593 HTTP/1.1" 200 70081
::1 - - [03/Jun/2018:10:14:46 -0500] "GET /phpmyadmin/index.php?ajax_request=1&recent_table=1&token=efdf9599570031d8b46f714750b1cd29 HTTP/1.1" 200 351
::1 - - [03/Jun/2018:10:14:49 -0500] "GET /phpmyadmin/sql.php?server=1&db=ejemplos&table=atenciones&pos=0&token=efdf9599570031d8b46f714750b1cd29&ajax_request=true&ajax_page_request=true&menuHashes=222d0b4c-132a7f27-9e5749d4&_nocache=1528038889838634598 HTTP/1.1" 200 7408
::1 - - [03/Jun/2018:10:14:50 -0500] "GET /phpmyadmin/index.php?ajax_request=1&recent_table=1&token=efdf9599570031d8b46f714750b1cd29 HTTP/1.1" 200 351
::1 - - [03/Jun/2018:10:15:02 -0500] "GET / HTTP/1.1" 200 76168
::1 - - [03/Jun/2018:10:15:03 -0500] "GET /index.php?=PHPE9568F34-D428-11d2-A769-00AA001ACF42 HTTP/1.1" 200 2524
::1 - - [03/Jun/2018:10:15:03 -0500] "GET /index.php?=PHPE9568F35-D428-11d2-A769-00AA001ACF42 HTTP/1.1" 200 2146
::1 - - [03/Jun/2018:10:15:17 -0500] "GET /comedoruniversitariofinal HTTP/1.1" 301 256
::1 - - [03/Jun/2018:10:15:17 -0500] "GET /comedoruniversitariofinal/ HTTP/1.1" 200 6884
::1 - - [03/Jun/2018:10:15:17 -0500] "GET /ComedorUniversitarioFINAL//css/bootstrap.css HTTP/1.1" 200 127306
::1 - - [03/Jun/2018:10:15:17 -0500] "GET /ComedorUniversitarioFINAL//assets/template/bootstrap/css/bootstrap.min.css HTTP/1.1" 200 121200
::1 - - [03/Jun/2018:10:15:17 -0500] "GET /ComedorUniversitarioFINAL//css/Tablas.css HTTP/1.1" 200 3613
::1 - - [03/Jun/2018:10:15:17 -0500] "GET /ComedorUniversitarioFINAL//assets/template/jquery-ui/jquery-ui.css HTTP/1.1" 200 37326
::1 - - [03/Jun/2018:10:15:17 -0500] "GET /ComedorUniversitarioFINAL//assets/template/datatables.net-bs/css/dataTables.bootstrap.min.css HTTP/1.1" 200 4188
::1 - - [03/Jun/2018:10:15:17 -0500] "GET /ComedorUniversitarioFINAL//assets/template/datatables-export/css/buttons.dataTables.min.css HTTP/1.1" 200 9159
::1 - - [03/Jun/2018:10:15:17 -0500] "GET /ComedorUniversitarioFINAL//css/Estilo.css HTTP/1.1" 200 1470
::1 - - [03/Jun/2018:10:15:17 -0500] "GET /ComedorUniversitarioFINAL//assets/template/font-awesome/css/font-awesome.min.css HTTP/1.1" 200 31000
::1 - - [03/Jun/2018:10:15:17 -0500] "GET /ComedorUniversitarioFINAL//assets/template/dist/css/skins/_all-skins.min.css HTTP/1.1" 200 41583
::1 - - [03/Jun/2018:10:15:17 -0500] "GET /ComedorUniversitarioFINAL//assets/template/dist/css/AdminLTE.min.css HTTP/1.1" 200 91501
::1 - - [03/Jun/2018:10:15:17 -0500] "GET /ComedorUniversitarioFINAL//js/bootstrap.min.js HTTP/1.1" 200 31819
::1 - - [03/Jun/2018:10:15:17 -0500] "GET /ComedorUniversitarioFINAL//js/jquery.dataTables.js HTTP/1.1" 200 428387
::1 - - [03/Jun/2018:10:15:17 -0500] "GET /ComedorUniversitarioFINAL//js/jquery.js HTTP/1.1" 200 95785
::1 - - [03/Jun/2018:10:15:17 -0500] "GET /ComedorUniversitarioFINAL//assets/template/jquery/jquery.min.js HTTP/1.1" 200 86659
::1 - - [03/Jun/2018:10:15:17 -0500] "GET /ComedorUniversitarioFINAL//assets/template/jquery-ui/jquery-ui.js HTTP/1.1" 200 520714
::1 - - [03/Jun/2018:10:15:17 -0500] "GET /ComedorUniversitarioFINAL//assets/template/jquery-slimscroll/jquery.slimscroll.min.js HTTP/1.1" 200 4724
::1 - - [03/Jun/2018:10:15:17 -0500] "GET /ComedorUniversitarioFINAL//assets/template/jquery-print/jquery.print.js HTTP/1.1" 200 9976
::1 - - [03/Jun/2018:10:15:17 -0500] "GET /ComedorUniversitarioFINAL//assets/template/bootstrap/js/bootstrap.min.js HTTP/1.1" 200 37045
::1 - - [03/Jun/2018:10:15:17 -0500] "GET /ComedorUniversitarioFINAL//assets/template/datatables.net-bs/js/dataTables.bootstrap.min.js HTTP/1.1" 200 1966
::1 - - [03/Jun/2018:10:15:17 -0500] "GET /ComedorUniversitarioFINAL//assets/template/datatables-export/js/dataTables.buttons.min.js HTTP/1.1" 200 17589
::1 - - [03/Jun/2018:10:15:17 -0500] "GET /ComedorUniversitarioFINAL//assets/template/datatables-export/js/buttons.flash.min.js HTTP/1.1" 200 25929
::1 - - [03/Jun/2018:10:15:17 -0500] "GET /ComedorUniversitarioFINAL//assets/template/datatables-export/js/buttons.print.min.js HTTP/1.1" 200 1957
::1 - - [03/Jun/2018:10:15:17 -0500] "GET /ComedorUniversitarioFINAL//assets/template/fastclick/lib/fastclick.js HTTP/1.1" 200 25965
::1 - - [03/Jun/2018:10:15:17 -0500] "GET /ComedorUniversitarioFINAL//assets/template/dist/js/adminlte.min.js HTTP/1.1" 200 14475
::1 - - [03/Jun/2018:10:15:17 -0500] "GET /ComedorUniversitarioFINAL//assets/template/dist/js/demo.js HTTP/1.1" 200 17298
::1 - - [03/Jun/2018:10:15:17 -0500] "GET /ComedorUniversitarioFINAL//assets/template/datatables.net/js/jquery.dataTables.min.js HTTP/1.1" 200 83268
::1 - - [03/Jun/2018:10:15:17 -0500] "GET /ComedorUniversitarioFINAL//assets/template/datatables-export/js/jszip.min.js HTTP/1.1" 200 101953
::1 - - [03/Jun/2018:10:15:17 -0500] "GET /ComedorUniversitarioFINAL//assets/template/datatables-export/js/buttons.html5.min.js HTTP/1.1" 200 23890
::1 - - [03/Jun/2018:10:15:17 -0500] "GET /ComedorUniversitarioFINAL//assets/template/datatables-export/js/vfs_fonts.js HTTP/1.1" 200 955603
::1 - - [03/Jun/2018:10:15:17 -0500] "GET /ComedorUniversitarioFINAL//assets/template/datatables-export/js/pdfmake.min.js HTTP/1.1" 200 1039534
::1 - - [03/Jun/2018:10:15:30 -0500] "POST /ComedorUniversitarioFINAL/index.php/login/ValidarAcceso HTTP/1.1" 200 6906
::1 - - [03/Jun/2018:10:15:43 -0500] "POST /ComedorUniversitarioFINAL/index.php/login/ValidarAcceso HTTP/1.1" 200 6983
::1 - - [03/Jun/2018:10:15:52 -0500] "GET /phpmyadmin/sql.php?server=1&db=ejemplos&table=comesales&pos=0&token=efdf9599570031d8b46f714750b1cd29&ajax_request=true&ajax_page_request=true&menuHashes=222d0b4c-132a7f27-9e5749d4&_nocache=1528038952077234080 HTTP/1.1" 200 70081
::1 - - [03/Jun/2018:10:15:52 -0500] "GET /phpmyadmin/index.php?ajax_request=1&recent_table=1&token=efdf9599570031d8b46f714750b1cd29 HTTP/1.1" 200 351
::1 - - [03/Jun/2018:10:15:56 -0500] "GET /phpmyadmin/sql.php?server=1&db=ejemplos&table=menu_sistema&pos=0&token=efdf9599570031d8b46f714750b1cd29&ajax_request=true&ajax_page_request=true&menuHashes=222d0b4c-132a7f27-9e5749d4&_nocache=1528038956218972713 HTTP/1.1" 200 49841
::1 - - [03/Jun/2018:10:15:56 -0500] "GET /phpmyadmin/index.php?ajax_request=1&recent_table=1&token=efdf9599570031d8b46f714750b1cd29 HTTP/1.1" 200 485
::1 - - [03/Jun/2018:10:15:59 -0500] "GET /phpmyadmin/sql.php?server=1&db=ejemplos&table=usuarios&pos=0&token=efdf9599570031d8b46f714750b1cd29&ajax_request=true&ajax_page_request=true&menuHashes=222d0b4c-132a7f27-9e5749d4-6b696879&_nocache=1528038959961947606 HTTP/1.1" 200 31833
::1 - - [03/Jun/2018:10:16:00 -0500] "GET /phpmyadmin/index.php?ajax_request=1&recent_table=1&token=efdf9599570031d8b46f714750b1cd29 HTTP/1.1" 200 611
::1 - - [03/Jun/2018:10:16:11 -0500] "POST /ComedorUniversitarioFINAL/index.php/login/ValidarAcceso HTTP/1.1" 302 -
::1 - - [03/Jun/2018:10:16:11 -0500] "GET /ComedorUniversitarioFINAL/index.php HTTP/1.1" 200 6834
::1 - - [03/Jun/2018:10:16:11 -0500] "GET /ComedorUniversitarioFINAL/imagenes/Logophp.png HTTP/1.1" 200 17575
::1 - - [03/Jun/2018:10:16:24 -0500] "GET /ComedorUniversitarioFINAL/index.php/atenciones HTTP/1.1" 200 13265
::1 - - [03/Jun/2018:10:16:24 -0500] "GET /ComedorUniversitarioFINAL//css/images/sort_both.png HTTP/1.1" 200 1185
::1 - - [03/Jun/2018:10:16:24 -0500] "GET /ComedorUniversitarioFINAL//css/images/sort_asc.png HTTP/1.1" 200 1131
::1 - - [03/Jun/2018:10:16:24 -0500] "GET /ComedorUniversitarioFINAL//assets/template/bootstrap/fonts/glyphicons-halflings-regular.woff2 HTTP/1.1" 200 18028
::1 - - [03/Jun/2018:10:16:36 -0500] "GET /ComedorUniversitarioFINAL/index.php/atenciones HTTP/1.1" 200 13265
::1 - - [03/Jun/2018:10:16:45 -0500] "GET /ComedorUniversitarioFINAL/index.php/atenciones/editar/6/ HTTP/1.1" 200 10481
::1 - - [03/Jun/2018:10:17:00 -0500] "GET /phpmyadmin/sql.php?server=1&db=ejemplos&table=comesales&pos=0&token=efdf9599570031d8b46f714750b1cd29&ajax_request=true&ajax_page_request=true&menuHashes=222d0b4c-132a7f27-9e5749d4-6b696879-b4c1e8ac&_nocache=1528039020752794427 HTTP/1.1" 200 70081
::1 - - [03/Jun/2018:10:17:01 -0500] "GET /phpmyadmin/index.php?ajax_request=1&recent_table=1&token=efdf9599570031d8b46f714750b1cd29 HTTP/1.1" 200 611
::1 - - [03/Jun/2018:10:17:09 -0500] "POST /phpmyadmin/tbl_replace.php HTTP/1.1" 200 3335
::1 - - [03/Jun/2018:10:17:17 -0500] "POST /phpmyadmin/tbl_replace.php HTTP/1.1" 200 3340
::1 - - [03/Jun/2018:10:17:21 -0500] "POST /phpmyadmin/tbl_replace.php HTTP/1.1" 200 3335
::1 - - [03/Jun/2018:10:17:23 -0500] "POST /phpmyadmin/tbl_replace.php HTTP/1.1" 200 3340
::1 - - [03/Jun/2018:10:17:33 -0500] "POST /phpmyadmin/tbl_replace.php HTTP/1.1" 200 3340
::1 - - [03/Jun/2018:10:17:36 -0500] "POST /phpmyadmin/tbl_replace.php HTTP/1.1" 200 3340
::1 - - [03/Jun/2018:10:17:39 -0500] "POST /phpmyadmin/tbl_replace.php HTTP/1.1" 200 3340
::1 - - [03/Jun/2018:10:17:42 -0500] "POST /phpmyadmin/tbl_replace.php HTTP/1.1" 200 3340
::1 - - [03/Jun/2018:10:17:45 -0500] "POST /phpmyadmin/tbl_replace.php HTTP/1.1" 200 3340
::1 - - [03/Jun/2018:10:17:48 -0500] "POST /phpmyadmin/tbl_replace.php HTTP/1.1" 200 3340
::1 - - [03/Jun/2018:10:17:56 -0500] "POST /phpmyadmin/tbl_replace.php HTTP/1.1" 200 3334
::1 - - [03/Jun/2018:10:18:08 -0500] "POST /phpmyadmin/tbl_replace.php HTTP/1.1" 200 3334
::1 - - [03/Jun/2018:10:18:12 -0500] "POST /phpmyadmin/tbl_replace.php HTTP/1.1" 200 3334
::1 - - [03/Jun/2018:10:18:17 -0500] "POST /phpmyadmin/tbl_replace.php HTTP/1.1" 200 3334
::1 - - [03/Jun/2018:10:18:21 -0500] "POST /phpmyadmin/tbl_replace.php HTTP/1.1" 200 3334
::1 - - [03/Jun/2018:10:18:24 -0500] "POST /phpmyadmin/tbl_replace.php HTTP/1.1" 200 3334
::1 - - [03/Jun/2018:10:18:27 -0500] "POST /phpmyadmin/tbl_replace.php HTTP/1.1" 200 3334
::1 - - [03/Jun/2018:10:18:30 -0500] "POST /phpmyadmin/tbl_replace.php HTTP/1.1" 200 3334
::1 - - [03/Jun/2018:10:18:33 -0500] "POST /phpmyadmin/tbl_replace.php HTTP/1.1" 200 3334
::1 - - [03/Jun/2018:10:18:37 -0500] "POST /phpmyadmin/tbl_replace.php HTTP/1.1" 200 3334
::1 - - [03/Jun/2018:10:18:40 -0500] "POST /phpmyadmin/tbl_replace.php HTTP/1.1" 200 3334
::1 - - [03/Jun/2018:10:18:50 -0500] "GET /ComedorUniversitarioFINAL/index.php/atenciones HTTP/1.1" 200 13414
::1 - - [03/Jun/2018:10:18:57 -0500] "GET /ComedorUniversitarioFINAL/index.php/atenciones/editar/6/ HTTP/1.1" 200 10489
::1 - - [03/Jun/2018:10:19:10 -0500] "POST /ComedorUniversitarioFINAL/index.php/atencion/agregaratencion/store HTTP/1.1" 302 -
::1 - - [03/Jun/2018:10:19:10 -0500] "GET /ComedorUniversitarioFINAL/index.php HTTP/1.1" 200 6834
::1 - - [03/Jun/2018:10:19:15 -0500] "GET /ComedorUniversitarioFINAL/index.php/reportes/reportes_con HTTP/1.1" 200 14009
::1 - - [03/Jun/2018:10:19:16 -0500] "GET /ComedorUniversitarioFINAL//assets/template/font-awesome/fonts/fontawesome-webfont.woff2?v=4.7.0 HTTP/1.1" 200 77160
::1 - - [03/Jun/2018:10:19:30 -0500] "POST /ComedorUniversitarioFINAL/index.php/reportes/reportes_con HTTP/1.1" 200 14014
::1 - - [03/Jun/2018:10:19:38 -0500] "GET /ComedorUniversitarioFINAL/index.php/reportes/reportes_con/porcentajevm HTTP/1.1" 200 8506
::1 - - [03/Jun/2018:10:23:06 -0500] "GET /ComedorUniversitarioFINAL/index.php/reportes/reportes_con/porcentajevm HTTP/1.1" 200 7786
::1 - - [03/Jun/2018:10:24:10 -0500] "GET /ComedorUniversitarioFINAL/index.php/reportes/reportes_con HTTP/1.1" 200 14009
::1 - - [03/Jun/2018:10:24:12 -0500] "GET /ComedorUniversitarioFINAL/index.php/reportes/reportes_con/porcentajevm HTTP/1.1" 200 8338
::1 - - [03/Jun/2018:10:24:38 -0500] "GET /ComedorUniversitarioFINAL/index.php/reportes/reportes_con HTTP/1.1" 200 14009
::1 - - [03/Jun/2018:10:24:39 -0500] "GET /ComedorUniversitarioFINAL/index.php/reportes/reportes_con/porcentajevm HTTP/1.1" 200 7788
::1 - - [03/Jun/2018:10:25:19 -0500] "GET /ComedorUniversitarioFINAL/index.php/reportes/reportes_con HTTP/1.1" 200 14009
::1 - - [03/Jun/2018:10:25:21 -0500] "GET /ComedorUniversitarioFINAL/index.php/reportes/reportes_con/porcentajevm HTTP/1.1" 200 7845
::1 - - [03/Jun/2018:10:25:39 -0500] "GET /ComedorUniversitarioFINAL/index.php/reportes/reportes_con HTTP/1.1" 200 14009
::1 - - [03/Jun/2018:10:25:41 -0500] "GET /ComedorUniversitarioFINAL/index.php/reportes/reportes_con/porcentajevm HTTP/1.1" 200 7844
::1 - - [03/Jun/2018:10:26:08 -0500] "GET /ComedorUniversitarioFINAL/index.php/reportes/reportes_con HTTP/1.1" 200 14009
::1 - - [03/Jun/2018:10:26:09 -0500] "GET /ComedorUniversitarioFINAL/index.php/reportes/reportes_con/porcentajevm HTTP/1.1" 200 7859
::1 - - [03/Jun/2018:10:26:34 -0500] "GET /ComedorUniversitarioFINAL/index.php/reportes/reportes_con HTTP/1.1" 200 14009
::1 - - [03/Jun/2018:10:26:36 -0500] "GET /ComedorUniversitarioFINAL/index.php/reportes/reportes_con/porcentajevm HTTP/1.1" 200 7899
::1 - - [03/Jun/2018:10:26:43 -0500] "GET /ComedorUniversitarioFINAL/index.php/reportes/reportes_con HTTP/1.1" 200 14009
::1 - - [03/Jun/2018:10:26:48 -0500] "GET /ComedorUniversitarioFINAL/index.php/atenciones HTTP/1.1" 200 13414
::1 - - [03/Jun/2018:10:26:58 -0500] "GET /ComedorUniversitarioFINAL/index.php/atenciones/editar/7/ HTTP/1.1" 200 10505
::1 - - [03/Jun/2018:10:27:00 -0500] "POST /ComedorUniversitarioFINAL/index.php/atencion/agregaratencion/store HTTP/1.1" 302 -
::1 - - [03/Jun/2018:10:27:00 -0500] "GET /ComedorUniversitarioFINAL/index.php HTTP/1.1" 200 6834
::1 - - [03/Jun/2018:10:27:02 -0500] "GET /ComedorUniversitarioFINAL/index.php/atenciones HTTP/1.1" 200 13414
::1 - - [03/Jun/2018:10:27:11 -0500] "GET /ComedorUniversitarioFINAL/index.php/atenciones/editar/11/ HTTP/1.1" 200 10505
::1 - - [03/Jun/2018:10:27:12 -0500] "POST /ComedorUniversitarioFINAL/index.php/atencion/agregaratencion/store HTTP/1.1" 302 -
::1 - - [03/Jun/2018:10:27:12 -0500] "GET /ComedorUniversitarioFINAL/index.php HTTP/1.1" 200 6834
::1 - - [03/Jun/2018:10:27:15 -0500] "GET /ComedorUniversitarioFINAL/index.php/atenciones HTTP/1.1" 200 13414
::1 - - [03/Jun/2018:10:27:18 -0500] "GET /ComedorUniversitarioFINAL/index.php/atenciones/editar/12/ HTTP/1.1" 200 10504
::1 - - [03/Jun/2018:10:27:20 -0500] "POST /ComedorUniversitarioFINAL/index.php/atencion/agregaratencion/store HTTP/1.1" 302 -
::1 - - [03/Jun/2018:10:27:20 -0500] "GET /ComedorUniversitarioFINAL/index.php HTTP/1.1" 200 6834
::1 - - [03/Jun/2018:10:27:22 -0500] "GET /ComedorUniversitarioFINAL/index.php/atenciones HTTP/1.1" 200 13414
::1 - - [03/Jun/2018:10:27:25 -0500] "GET /ComedorUniversitarioFINAL/index.php/atenciones/editar/13/ HTTP/1.1" 200 10497
::1 - - [03/Jun/2018:10:27:27 -0500] "POST /ComedorUniversitarioFINAL/index.php/atencion/agregaratencion/store HTTP/1.1" 302 -
::1 - - [03/Jun/2018:10:27:27 -0500] "GET /ComedorUniversitarioFINAL/index.php HTTP/1.1" 200 6834
::1 - - [03/Jun/2018:10:27:28 -0500] "GET /ComedorUniversitarioFINAL/index.php/atenciones HTTP/1.1" 200 13414
::1 - - [03/Jun/2018:10:27:42 -0500] "GET /ComedorUniversitarioFINAL/index.php/atenciones/editar/15/ HTTP/1.1" 200 10508
::1 - - [03/Jun/2018:10:27:46 -0500] "POST /ComedorUniversitarioFINAL/index.php/atencion/agregaratencion/store HTTP/1.1" 302 -
::1 - - [03/Jun/2018:10:27:46 -0500] "GET /ComedorUniversitarioFINAL/index.php HTTP/1.1" 200 6834
::1 - - [03/Jun/2018:10:27:51 -0500] "GET /ComedorUniversitarioFINAL/index.php/reportes/reportes_con HTTP/1.1" 200 18992
::1 - - [03/Jun/2018:10:28:03 -0500] "POST /ComedorUniversitarioFINAL/index.php/reportes/reportes_con HTTP/1.1" 200 17999
::1 - - [03/Jun/2018:10:28:15 -0500] "POST /ComedorUniversitarioFINAL/index.php/reportes/reportes_con HTTP/1.1" 200 17999
::1 - - [03/Jun/2018:10:28:30 -0500] "POST /ComedorUniversitarioFINAL/index.php/reportes/reportes_con HTTP/1.1" 200 15048
::1 - - [03/Jun/2018:10:28:48 -0500] "GET /ComedorUniversitarioFINAL/index.php/reportes/reportes_con HTTP/1.1" 200 18992
::1 - - [03/Jun/2018:10:29:21 -0500] "POST /ComedorUniversitarioFINAL/index.php/reportes/reportes_con HTTP/1.1" 200 12961
::1 - - [03/Jun/2018:10:29:29 -0500] "POST /ComedorUniversitarioFINAL/index.php/reportes/reportes_con HTTP/1.1" 200 12978
::1 - - [03/Jun/2018:10:29:38 -0500] "POST /ComedorUniversitarioFINAL/index.php/reportes/reportes_con HTTP/1.1" 200 15033
::1 - - [03/Jun/2018:10:30:27 -0500] "GET /ComedorUniversitarioFINAL/index.php/reportes/reportes_con/porcentajevm HTTP/1.1" 200 7899
::1 - - [03/Jun/2018:10:30:28 -0500] "GET /ComedorUniversitarioFINAL/index.php/reportes/reportes_con HTTP/1.1" 200 18999
::1 - - [03/Jun/2018:10:30:42 -0500] "POST /ComedorUniversitarioFINAL/index.php/reportes/reportes_con HTTP/1.1" 200 12968
::1 - - [03/Jun/2018:10:30:48 -0500] "POST /ComedorUniversitarioFINAL/index.php/reportes/reportes_con HTTP/1.1" 200 15040
::1 - - [03/Jun/2018:10:32:18 -0500] "GET /ComedorUniversitarioFINAL/index.php/atenciones HTTP/1.1" 200 13414
::1 - - [03/Jun/2018:10:32:20 -0500] "GET /ComedorUniversitarioFINAL/index.php/atenciones/editar/16/ HTTP/1.1" 200 10488
::1 - - [03/Jun/2018:10:32:22 -0500] "POST /ComedorUniversitarioFINAL/index.php/atencion/agregaratencion/store HTTP/1.1" 302 -
::1 - - [03/Jun/2018:10:32:22 -0500] "GET /ComedorUniversitarioFINAL/index.php HTTP/1.1" 200 6834
::1 - - [03/Jun/2018:10:32:28 -0500] "GET /phpmyadmin/sql.php?server=1&db=ejemplos&table=atenciones&pos=0&token=efdf9599570031d8b46f714750b1cd29&ajax_request=true&ajax_page_request=true&menuHashes=222d0b4c-132a7f27-9e5749d4-6b696879-b4c1e8ac&_nocache=1528039948901966053 HTTP/1.1" 200 33364
::1 - - [03/Jun/2018:10:32:29 -0500] "GET /phpmyadmin/index.php?ajax_request=1&recent_table=1&token=efdf9599570031d8b46f714750b1cd29 HTTP/1.1" 200 611
::1 - - [03/Jun/2018:10:32:31 -0500] "GET /phpmyadmin/themes/pmahomme/jquery/images/ui-bg_glass_55_fbf9ee_1x400.png HTTP/1.1" 200 120
::1 - - [03/Jun/2018:10:32:36 -0500] "POST /phpmyadmin/tbl_replace.php HTTP/1.1" 200 3403
::1 - - [03/Jun/2018:10:32:42 -0500] "POST /phpmyadmin/tbl_replace.php HTTP/1.1" 200 3403
::1 - - [03/Jun/2018:10:33:41 -0500] "GET /ComedorUniversitarioFINAL/index.php/reportes/reportes_con HTTP/1.1" 200 19978
::1 - - [03/Jun/2018:10:33:56 -0500] "POST /ComedorUniversitarioFINAL/index.php/reportes/reportes_con HTTP/1.1" 200 19998
::1 - - [03/Jun/2018:10:36:21 -0500] "GET /ComedorUniversitarioFINAL/index.php HTTP/1.1" 200 6806
::1 - - [03/Jun/2018:10:40:39 -0500] "GET /ComedorUniversitarioFINAL/index.php HTTP/1.1" 200 6806
::1 - - [03/Jun/2018:10:40:41 -0500] "GET /ComedorUniversitarioFINAL/index.php HTTP/1.1" 200 6806
::1 - - [03/Jun/2018:10:40:42 -0500] "GET /ComedorUniversitarioFINAL/index.php HTTP/1.1" 200 6806
::1 - - [03/Jun/2018:10:40:44 -0500] "GET /ComedorUniversitarioFINAL/index.php HTTP/1.1" 200 6806
::1 - - [03/Jun/2018:10:41:34 -0500] "GET /ComedorUniversitarioFINAL/index.php HTTP/1.1" 200 6805
::1 - - [03/Jun/2018:10:41:34 -0500] "GET /ComedorUniversitarioFINAL/imagenes/images.jpg HTTP/1.1" 200 8022
::1 - - [03/Jun/2018:10:42:20 -0500] "GET /ComedorUniversitarioFINAL/index.php/login/CerrarSesion HTTP/1.1" 200 6856
::1 - - [03/Jun/2018:10:42:22 -0500] "POST /ComedorUniversitarioFINAL/index.php/login/ValidarAcceso HTTP/1.1" 302 -
::1 - - [03/Jun/2018:10:42:22 -0500] "GET /ComedorUniversitarioFINAL/index.php HTTP/1.1" 200 6805
::1 - - [03/Jun/2018:10:42:22 -0500] "GET /ComedorUniversitarioFINAL/imagenes/images.jpg HTTP/1.1" 304 -
::1 - - [03/Jun/2018:10:42:30 -0500] "GET /ComedorUniversitarioFINAL/index.php/login/CerrarSesion HTTP/1.1" 200 6856
::1 - - [03/Jun/2018:10:43:31 -0500] "POST /ComedorUniversitarioFINAL/index.php/login/ValidarAcceso HTTP/1.1" 302 -
::1 - - [03/Jun/2018:10:43:31 -0500] "GET /ComedorUniversitarioFINAL/index.php HTTP/1.1" 200 6805
::1 - - [03/Jun/2018:10:43:31 -0500] "GET /ComedorUniversitarioFINAL/imagenes/images.jpg HTTP/1.1" 304 -
::1 - - [03/Jun/2018:10:43:48 -0500] "GET /ComedorUniversitarioFINAL/index.php/comesales/nuevo HTTP/1.1" 200 9206
::1 - - [03/Jun/2018:10:44:35 -0500] "POST /ComedorUniversitarioFINAL/index.php/comesales/nuevo HTTP/1.1" 302 -
::1 - - [03/Jun/2018:10:44:35 -0500] "GET /ComedorUniversitarioFINAL/index.php/comesales?save=true HTTP/1.1" 200 16156
::1 - - [03/Jun/2018:10:44:54 -0500] "GET /ComedorUniversitarioFINAL/index.php/comesales/editar/29/ HTTP/1.1" 200 9290
::1 - - [03/Jun/2018:10:45:16 -0500] "POST /ComedorUniversitarioFINAL/index.php/comesales/editar/29 HTTP/1.1" 302 -
::1 - - [03/Jun/2018:10:45:16 -0500] "GET /ComedorUniversitarioFINAL/index.php/comesales?update=true HTTP/1.1" 200 16159
::1 - - [03/Jun/2018:10:45:32 -0500] "GET /ComedorUniversitarioFINAL/index.php/atenciones HTTP/1.1" 200 13673
::1 - - [03/Jun/2018:10:45:42 -0500] "GET /ComedorUniversitarioFINAL/index.php/atenciones/editar/29/ HTTP/1.1" 200 10464
::1 - - [03/Jun/2018:10:45:57 -0500] "POST /ComedorUniversitarioFINAL/index.php/atencion/agregaratencion/store HTTP/1.1" 302 -
::1 - - [03/Jun/2018:10:45:57 -0500] "GET /ComedorUniversitarioFINAL/index.php HTTP/1.1" 200 6805
::1 - - [03/Jun/2018:10:45:57 -0500] "GET /ComedorUniversitarioFINAL/imagenes/images.jpg HTTP/1.1" 304 -
::1 - - [03/Jun/2018:10:46:02 -0500] "GET /ComedorUniversitarioFINAL/index.php/reportes/reportes_con HTTP/1.1" 200 20937
::1 - - [03/Jun/2018:10:46:21 -0500] "POST /ComedorUniversitarioFINAL/index.php/reportes/reportes_con HTTP/1.1" 200 15972
::1 - - [03/Jun/2018:10:47:36 -0500] "POST /ComedorUniversitarioFINAL/index.php/reportes/reportes_con HTTP/1.1" 200 20957
::1 - - [03/Jun/2018:10:48:22 -0500] "GET /ComedorUniversitarioFINAL/index.php/reportes/reportes_con/porcentajevm HTTP/1.1" 200 7871
::1 - - [03/Jun/2018:10:49:02 -0500] "GET /ComedorUniversitarioFINAL/index.php/comesales/nuevo HTTP/1.1" 200 9206
::1 - - [03/Jun/2018:10:49:20 -0500] "GET /ComedorUniversitarioFINAL/index.php/usuarios/nuevo HTTP/1.1" 200 8585
::1 - - [03/Jun/2018:10:50:18 -0500] "POST /ComedorUniversitarioFINAL/index.php/atencioncomedor/Store HTTP/1.1" 404 1175
::1 - - [03/Jun/2018:10:50:30 -0500] "POST /ComedorUniversitarioFINAL/index.php/atencioncomedor/Store HTTP/1.1" 404 1175
::1 - - [03/Jun/2018:10:50:57 -0500] "POST /ComedorUniversitarioFINAL/index.php/atencioncomedor/Store HTTP/1.1" 404 1175
::1 - - [03/Jun/2018:10:51:03 -0500] "GET /ComedorUniversitarioFINAL/index.php/atenciones HTTP/1.1" 200 13673
::1 - - [03/Jun/2018:10:51:07 -0500] "GET /ComedorUniversitarioFINAL/index.php/comesales HTTP/1.1" 200 16065
::1 - - [03/Jun/2018:10:51:29 -0500] "GET /ComedorUniversitarioFINAL/index.php/atenciones HTTP/1.1" 200 13673
::1 - - [03/Jun/2018:10:52:12 -0500] "GET /ComedorUniversitarioFINAL/index.php/atenciones HTTP/1.1" 200 13673
::1 - - [03/Jun/2018:10:52:23 -0500] "GET /ComedorUniversitarioFINAL/index.php/reportes/reportes_con HTTP/1.1" 200 20937
::1 - - [03/Jun/2018:10:55:16 -0500] "GET /ComedorUniversitarioFINAL/index.php/usuarios/nuevo HTTP/1.1" 200 8585
::1 - - [03/Jun/2018:10:55:26 -0500] "POST /ComedorUniversitarioFINAL/index.php/atencioncomedor/Store HTTP/1.1" 404 1175
::1 - - [03/Jun/2018:10:56:53 -0500] "POST /ComedorUniversitarioFINAL/index.php/atencioncomedor/Store HTTP/1.1" 500 1192
