2018-05-26 11:27:36 3952 [Note] Plugin 'FEDERATED' is disabled.
2018-05-26 11:27:36 3952 [Note] InnoDB: The InnoDB memory heap is disabled
2018-05-26 11:27:36 3952 [Note] InnoDB: Mutexes and rw_locks use Windows interlocked functions
2018-05-26 11:27:36 3952 [Note] InnoDB: Compressed tables use zlib 1.2.3
2018-05-26 11:27:36 3952 [Note] InnoDB: Not using CPU crc32 instructions
2018-05-26 11:27:36 3952 [Note] InnoDB: Initializing buffer pool, size = 128.0M
2018-05-26 11:27:36 3952 [Note] InnoDB: Completed initialization of buffer pool
2018-05-26 11:27:36 3952 [Note] InnoDB: Setting log file C:\Users\User\Desktop\USBWebserver v8.6\mysql\data\ib_logfile101 size to 5 MB
2018-05-26 11:27:36 3952 [Note] InnoDB: Setting log file C:\Users\User\Desktop\USBWebserver v8.6\mysql\data\ib_logfile1 size to 5 MB
2018-05-26 11:27:36 3952 [Note] InnoDB: Renaming log file C:\Users\User\Desktop\USBWebserver v8.6\mysql\data\ib_logfile101 to C:\Users\User\Desktop\USBWebserver v8.6\mysql\data\ib_logfile0
2018-05-26 11:27:36 3952 [Warning] InnoDB: New log files created, LSN=1626134
2018-05-26 11:27:36 3952 [Note] InnoDB: Highest supported file format is Barracuda.
2018-05-26 11:27:37 3952 [Note] InnoDB: 128 rollback segment(s) are active.
2018-05-26 11:27:37 3952 [Note] InnoDB: Waiting for purge to start
2018-05-26 11:27:37 3952 [Note] InnoDB: 5.6.13 started; log sequence number 1626636
2018-05-26 11:27:37 3952 [Warning] No existing UUID has been found, so we assume that this is the first time that this server has been started. Generating a new UUID: b3b17066-6101-11e8-9616-a0a8cd727396.
2018-05-26 11:27:37 3952 [Note] Server hostname (bind-address): '*'; port: 3307
2018-05-26 11:27:37 3952 [Note] IPv6 is available.
2018-05-26 11:27:37 3952 [Note]   - '::' resolves to '::';
2018-05-26 11:27:37 3952 [Note] Server socket created on IP: '::'.
2018-05-31 00:22:22 940 [Note] Plugin 'FEDERATED' is disabled.
2018-05-31 00:22:22 940 [Note] InnoDB: The InnoDB memory heap is disabled
2018-05-31 00:22:22 940 [Note] InnoDB: Mutexes and rw_locks use Windows interlocked functions
2018-05-31 00:22:22 940 [Note] InnoDB: Compressed tables use zlib 1.2.3
2018-05-31 00:22:22 940 [Note] InnoDB: Not using CPU crc32 instructions
2018-05-31 00:22:22 940 [Note] InnoDB: Initializing buffer pool, size = 128.0M
2018-05-31 00:22:23 940 [Note] InnoDB: Completed initialization of buffer pool
2018-05-31 00:22:23 940 [Note] InnoDB: Highest supported file format is Barracuda.
2018-05-31 00:22:23 940 [Note] InnoDB: The log sequence numbers 1626134 and 1626134 in ibdata files do not match the log sequence number 1676360 in the ib_logfiles!
2018-05-31 00:22:23 940 [Note] InnoDB: Database was not shutdown normally!
2018-05-31 00:22:23 940 [Note] InnoDB: Starting crash recovery.
2018-05-31 00:22:23 940 [Note] InnoDB: Reading tablespace information from the .ibd files...
2018-05-31 00:22:23 940 [Note] InnoDB: Restoring possible half-written data pages 
2018-05-31 00:22:23 940 [Note] InnoDB: from the doublewrite buffer...
2018-05-31 00:22:24 940 [Note] InnoDB: 128 rollback segment(s) are active.
2018-05-31 00:22:24 940 [Note] InnoDB: Waiting for purge to start
2018-05-31 00:22:24 940 [Note] InnoDB: 5.6.13 started; log sequence number 1676360
2018-05-31 00:22:25 940 [Note] Server hostname (bind-address): '*'; port: 3307
2018-05-31 00:22:25 940 [Note] IPv6 is available.
2018-05-31 00:22:25 940 [Note]   - '::' resolves to '::';
2018-05-31 00:22:25 940 [Note] Server socket created on IP: '::'.
2018-05-31 20:13:13 5968 [Note] Plugin 'FEDERATED' is disabled.
2018-05-31 20:13:13 5968 [Note] InnoDB: The InnoDB memory heap is disabled
2018-05-31 20:13:13 5968 [Note] InnoDB: Mutexes and rw_locks use Windows interlocked functions
2018-05-31 20:13:13 5968 [Note] InnoDB: Compressed tables use zlib 1.2.3
2018-05-31 20:13:13 5968 [Note] InnoDB: Not using CPU crc32 instructions
2018-05-31 20:13:13 5968 [Note] InnoDB: Initializing buffer pool, size = 128.0M
2018-05-31 20:13:13 5968 [Note] InnoDB: Completed initialization of buffer pool
2018-05-31 20:13:13 5968 [Note] InnoDB: Highest supported file format is Barracuda.
2018-05-31 20:13:13 5968 [Note] InnoDB: The log sequence numbers 1626134 and 1626134 in ibdata files do not match the log sequence number 1735443 in the ib_logfiles!
2018-05-31 20:13:13 5968 [Note] InnoDB: Database was not shutdown normally!
2018-05-31 20:13:13 5968 [Note] InnoDB: Starting crash recovery.
2018-05-31 20:13:13 5968 [Note] InnoDB: Reading tablespace information from the .ibd files...
2018-05-31 20:13:13 5968 [Note] InnoDB: Restoring possible half-written data pages 
2018-05-31 20:13:13 5968 [Note] InnoDB: from the doublewrite buffer...
2018-05-31 20:13:14 5968 [Note] InnoDB: 128 rollback segment(s) are active.
2018-05-31 20:13:15 5968 [Note] InnoDB: Waiting for purge to start
2018-05-31 20:13:15 5968 [Note] InnoDB: 5.6.13 started; log sequence number 1735443
2018-05-31 20:13:15 5968 [Note] Server hostname (bind-address): '*'; port: 3307
2018-05-31 20:13:15 5968 [Note] IPv6 is available.
2018-05-31 20:13:15 5968 [Note]   - '::' resolves to '::';
2018-05-31 20:13:15 5968 [Note] Server socket created on IP: '::'.
2018-05-31 21:12:30 3852 [Note] Plugin 'FEDERATED' is disabled.
2018-05-31 21:12:30 3852 [Note] InnoDB: The InnoDB memory heap is disabled
2018-05-31 21:12:30 3852 [Note] InnoDB: Mutexes and rw_locks use Windows interlocked functions
2018-05-31 21:12:30 3852 [Note] InnoDB: Compressed tables use zlib 1.2.3
2018-05-31 21:12:30 3852 [Note] InnoDB: Not using CPU crc32 instructions
2018-05-31 21:12:30 3852 [Note] InnoDB: Initializing buffer pool, size = 128.0M
2018-05-31 21:12:30 3852 [Note] InnoDB: Completed initialization of buffer pool
2018-05-31 21:12:30 3852 [Note] InnoDB: Highest supported file format is Barracuda.
2018-05-31 21:12:30 3852 [Note] InnoDB: The log sequence numbers 1626134 and 1626134 in ibdata files do not match the log sequence number 1735453 in the ib_logfiles!
2018-05-31 21:12:30 3852 [Note] InnoDB: Database was not shutdown normally!
2018-05-31 21:12:30 3852 [Note] InnoDB: Starting crash recovery.
2018-05-31 21:12:30 3852 [Note] InnoDB: Reading tablespace information from the .ibd files...
2018-05-31 21:12:30 3852 [Note] InnoDB: Restoring possible half-written data pages 
2018-05-31 21:12:30 3852 [Note] InnoDB: from the doublewrite buffer...
2018-05-31 21:12:31 3852 [Note] InnoDB: 128 rollback segment(s) are active.
2018-05-31 21:12:31 3852 [Note] InnoDB: Waiting for purge to start
2018-05-31 21:12:31 3852 [Note] InnoDB: 5.6.13 started; log sequence number 1735453
2018-05-31 21:12:31 3852 [Note] Server hostname (bind-address): '*'; port: 3307
2018-05-31 21:12:31 3852 [Note] IPv6 is available.
2018-05-31 21:12:31 3852 [Note]   - '::' resolves to '::';
2018-05-31 21:12:31 3852 [Note] Server socket created on IP: '::'.
2018-06-02 08:51:12 3204 [Note] Plugin 'FEDERATED' is disabled.
2018-06-02 08:51:13 3204 [Note] InnoDB: The InnoDB memory heap is disabled
2018-06-02 08:51:13 3204 [Note] InnoDB: Mutexes and rw_locks use Windows interlocked functions
2018-06-02 08:51:13 3204 [Note] InnoDB: Compressed tables use zlib 1.2.3
2018-06-02 08:51:13 3204 [Note] InnoDB: Not using CPU crc32 instructions
2018-06-02 08:51:13 3204 [Note] InnoDB: Initializing buffer pool, size = 128.0M
2018-06-02 08:51:13 3204 [Note] InnoDB: Completed initialization of buffer pool
2018-06-02 08:51:13 3204 [Note] InnoDB: Highest supported file format is Barracuda.
2018-06-02 08:51:13 3204 [Note] InnoDB: The log sequence numbers 1626134 and 1626134 in ibdata files do not match the log sequence number 1888571 in the ib_logfiles!
2018-06-02 08:51:13 3204 [Note] InnoDB: Database was not shutdown normally!
2018-06-02 08:51:13 3204 [Note] InnoDB: Starting crash recovery.
2018-06-02 08:51:13 3204 [Note] InnoDB: Reading tablespace information from the .ibd files...
2018-06-02 08:51:13 3204 [Note] InnoDB: Restoring possible half-written data pages 
2018-06-02 08:51:13 3204 [Note] InnoDB: from the doublewrite buffer...
2018-06-02 08:51:15 3204 [Note] InnoDB: 128 rollback segment(s) are active.
2018-06-02 08:51:15 3204 [Note] InnoDB: Waiting for purge to start
2018-06-02 08:51:15 3204 [Note] InnoDB: 5.6.13 started; log sequence number 1888571
2018-06-02 08:51:15 3204 [Note] Server hostname (bind-address): '*'; port: 3307
2018-06-02 08:51:15 3204 [Note] IPv6 is available.
2018-06-02 08:51:15 3204 [Note]   - '::' resolves to '::';
2018-06-02 08:51:15 3204 [Note] Server socket created on IP: '::'.
2018-06-02 17:08:52 4916 [Note] Plugin 'FEDERATED' is disabled.
2018-06-02 17:08:52 4916 [Note] InnoDB: The InnoDB memory heap is disabled
2018-06-02 17:08:52 4916 [Note] InnoDB: Mutexes and rw_locks use Windows interlocked functions
2018-06-02 17:08:52 4916 [Note] InnoDB: Compressed tables use zlib 1.2.3
2018-06-02 17:08:52 4916 [Note] InnoDB: Not using CPU crc32 instructions
2018-06-02 17:08:52 4916 [Note] InnoDB: Initializing buffer pool, size = 128.0M
2018-06-02 17:08:52 4916 [Note] InnoDB: Completed initialization of buffer pool
2018-06-02 17:08:53 4916 [Note] InnoDB: Highest supported file format is Barracuda.
2018-06-02 17:08:53 4916 [Note] InnoDB: The log sequence numbers 1626134 and 1626134 in ibdata files do not match the log sequence number 1927848 in the ib_logfiles!
2018-06-02 17:08:53 4916 [Note] InnoDB: Database was not shutdown normally!
2018-06-02 17:08:53 4916 [Note] InnoDB: Starting crash recovery.
2018-06-02 17:08:53 4916 [Note] InnoDB: Reading tablespace information from the .ibd files...
2018-06-02 17:08:55 4916 [Note] InnoDB: Restoring possible half-written data pages 
2018-06-02 17:08:55 4916 [Note] InnoDB: from the doublewrite buffer...
2018-06-02 17:09:09 4916 [Note] InnoDB: 128 rollback segment(s) are active.
2018-06-02 17:09:09 4916 [Note] InnoDB: Waiting for purge to start
2018-06-02 17:09:09 4916 [Note] InnoDB: 5.6.13 started; log sequence number 1927848
2018-06-02 17:09:09 4916 [Note] Server hostname (bind-address): '*'; port: 3307
2018-06-02 17:09:09 4916 [Note] IPv6 is available.
2018-06-02 17:09:09 4916 [Note]   - '::' resolves to '::';
2018-06-02 17:09:09 4916 [Note] Server socket created on IP: '::'.
2018-06-02 17:15:28 4248 [Note] Plugin 'FEDERATED' is disabled.
2018-06-02 17:15:28 4248 [Note] InnoDB: The InnoDB memory heap is disabled
2018-06-02 17:15:28 4248 [Note] InnoDB: Mutexes and rw_locks use Windows interlocked functions
2018-06-02 17:15:28 4248 [Note] InnoDB: Compressed tables use zlib 1.2.3
2018-06-02 17:15:28 4248 [Note] InnoDB: Not using CPU crc32 instructions
2018-06-02 17:15:28 4248 [Note] InnoDB: Initializing buffer pool, size = 128.0M
2018-06-02 17:15:28 4248 [Note] InnoDB: Completed initialization of buffer pool
2018-06-02 17:15:28 4248 [ERROR] InnoDB: C:\Users\User\Desktop\COMEDOR FINAL\mysql\data\ibdata1 can't be opened in read-write mode
2018-06-02 17:15:29 4248 [ERROR] InnoDB: The system tablespace must be writable!
2018-06-02 17:15:29 4248 [ERROR] Plugin 'InnoDB' init function returned error.
2018-06-02 17:15:29 4248 [ERROR] Plugin 'InnoDB' registration as a STORAGE ENGINE failed.
2018-06-02 17:15:29 4248 [ERROR] Unknown/unsupported storage engine: InnoDB
2018-06-02 17:15:29 4248 [ERROR] Aborting

2018-06-02 17:15:29 4248 [Note] Binlog end
2018-06-02 17:15:29 4248 [Note] Shutting down plugin 'partition'
2018-06-02 17:15:29 4248 [Note] Shutting down plugin 'PERFORMANCE_SCHEMA'
2018-06-02 17:15:29 4248 [Note] Shutting down plugin 'INNODB_SYS_DATAFILES'
2018-06-02 17:15:29 4248 [Note] Shutting down plugin 'INNODB_SYS_TABLESPACES'
2018-06-02 17:15:29 4248 [Note] Shutting down plugin 'INNODB_SYS_FOREIGN_COLS'
2018-06-02 17:15:29 4248 [Note] Shutting down plugin 'INNODB_SYS_FOREIGN'
2018-06-02 17:15:29 4248 [Note] Shutting down plugin 'INNODB_SYS_FIELDS'
2018-06-02 17:15:29 4248 [Note] Shutting down plugin 'INNODB_SYS_COLUMNS'
2018-06-02 17:15:29 4248 [Note] Shutting down plugin 'INNODB_SYS_INDEXES'
2018-06-02 17:15:29 4248 [Note] Shutting down plugin 'INNODB_SYS_TABLESTATS'
2018-06-02 17:15:29 4248 [Note] Shutting down plugin 'INNODB_SYS_TABLES'
2018-06-02 17:15:29 4248 [Note] Shutting down plugin 'INNODB_FT_INDEX_TABLE'
2018-06-02 17:15:29 4248 [Note] Shutting down plugin 'INNODB_FT_INDEX_CACHE'
2018-06-02 17:15:29 4248 [Note] Shutting down plugin 'INNODB_FT_CONFIG'
2018-06-02 17:15:29 4248 [Note] Shutting down plugin 'INNODB_FT_BEING_DELETED'
2018-06-02 17:15:29 4248 [Note] Shutting down plugin 'INNODB_FT_DELETED'
2018-06-02 17:15:29 4248 [Note] Shutting down plugin 'INNODB_FT_DEFAULT_STOPWORD'
2018-06-02 17:15:29 4248 [Note] Shutting down plugin 'INNODB_METRICS'
2018-06-02 17:15:29 4248 [Note] Shutting down plugin 'INNODB_BUFFER_POOL_STATS'
2018-06-02 17:15:29 4248 [Note] Shutting down plugin 'INNODB_BUFFER_PAGE_LRU'
2018-06-02 17:15:29 4248 [Note] Shutting down plugin 'INNODB_BUFFER_PAGE'
2018-06-02 17:15:29 4248 [Note] Shutting down plugin 'INNODB_CMP_PER_INDEX_RESET'
2018-06-02 17:15:29 4248 [Note] Shutting down plugin 'INNODB_CMP_PER_INDEX'
2018-06-02 17:15:29 4248 [Note] Shutting down plugin 'INNODB_CMPMEM_RESET'
2018-06-02 17:15:29 4248 [Note] Shutting down plugin 'INNODB_CMPMEM'
2018-06-02 17:15:29 4248 [Note] Shutting down plugin 'INNODB_CMP_RESET'
2018-06-02 17:15:29 4248 [Note] Shutting down plugin 'INNODB_CMP'
2018-06-02 17:15:29 4248 [Note] Shutting down plugin 'INNODB_LOCK_WAITS'
2018-06-02 17:15:29 4248 [Note] Shutting down plugin 'INNODB_LOCKS'
2018-06-02 17:15:29 4248 [Note] Shutting down plugin 'INNODB_TRX'
2018-06-02 17:15:29 4248 [Note] Shutting down plugin 'BLACKHOLE'
2018-06-02 17:15:29 4248 [Note] Shutting down plugin 'ARCHIVE'
2018-06-02 17:15:29 4248 [Note] Shutting down plugin 'MRG_MYISAM'
2018-06-02 17:15:29 4248 [Note] Shutting down plugin 'MyISAM'
2018-06-02 17:15:29 4248 [Note] Shutting down plugin 'MEMORY'
2018-06-02 17:15:29 4248 [Note] Shutting down plugin 'CSV'
2018-06-02 17:15:29 4248 [Note] Shutting down plugin 'sha256_password'
2018-06-02 17:15:29 4248 [Note] Shutting down plugin 'mysql_old_password'
2018-06-02 17:15:29 4248 [Note] Shutting down plugin 'mysql_native_password'
2018-06-02 17:15:29 4248 [Note] Shutting down plugin 'binlog'
2018-06-02 17:15:29 4248 [Note] C:\Users\User\Desktop\COMEDOR FINAL/mysql/bin/mysqld_usbwv8.exe: Shutdown complete

2018-06-02 19:21:51 2252 [Note] Plugin 'FEDERATED' is disabled.
2018-06-02 19:21:52 2252 [Note] InnoDB: The InnoDB memory heap is disabled
2018-06-02 19:21:52 2252 [Note] InnoDB: Mutexes and rw_locks use Windows interlocked functions
2018-06-02 19:21:52 2252 [Note] InnoDB: Compressed tables use zlib 1.2.3
2018-06-02 19:21:52 2252 [Note] InnoDB: Not using CPU crc32 instructions
2018-06-02 19:21:52 2252 [Note] InnoDB: Initializing buffer pool, size = 128.0M
2018-06-02 19:21:52 2252 [Note] InnoDB: Completed initialization of buffer pool
2018-06-02 19:21:55 2252 [Note] InnoDB: Highest supported file format is Barracuda.
2018-06-02 19:21:55 2252 [Note] InnoDB: The log sequence numbers 1626134 and 1626134 in ibdata files do not match the log sequence number 1927954 in the ib_logfiles!
2018-06-02 19:21:55 2252 [Note] InnoDB: Database was not shutdown normally!
2018-06-02 19:21:55 2252 [Note] InnoDB: Starting crash recovery.
2018-06-02 19:21:55 2252 [Note] InnoDB: Reading tablespace information from the .ibd files...
2018-06-02 19:21:56 2252 [Note] InnoDB: Restoring possible half-written data pages 
2018-06-02 19:21:56 2252 [Note] InnoDB: from the doublewrite buffer...
2018-06-02 19:21:57 2252 [Note] InnoDB: 128 rollback segment(s) are active.
2018-06-02 19:21:57 2252 [Note] InnoDB: Waiting for purge to start
2018-06-02 19:21:58 2252 [Note] InnoDB: 5.6.13 started; log sequence number 1927954
2018-06-02 19:21:58 2252 [Note] Server hostname (bind-address): '*'; port: 3307
2018-06-02 19:21:58 2252 [Note] IPv6 is available.
2018-06-02 19:21:58 2252 [Note]   - '::' resolves to '::';
2018-06-02 19:21:58 2252 [Note] Server socket created on IP: '::'.
2018-06-03 08:31:12 4524 [Note] Plugin 'FEDERATED' is disabled.
2018-06-03 08:31:12 4524 [Note] InnoDB: The InnoDB memory heap is disabled
2018-06-03 08:31:12 4524 [Note] InnoDB: Mutexes and rw_locks use Windows interlocked functions
2018-06-03 08:31:12 4524 [Note] InnoDB: Compressed tables use zlib 1.2.3
2018-06-03 08:31:12 4524 [Note] InnoDB: Not using CPU crc32 instructions
2018-06-03 08:31:12 4524 [Note] InnoDB: Initializing buffer pool, size = 128.0M
2018-06-03 08:31:12 4524 [Note] InnoDB: Completed initialization of buffer pool
2018-06-03 08:31:12 4524 [Note] InnoDB: Highest supported file format is Barracuda.
2018-06-03 08:31:12 4524 [Note] InnoDB: The log sequence numbers 1626134 and 1626134 in ibdata files do not match the log sequence number 1933706 in the ib_logfiles!
2018-06-03 08:31:12 4524 [Note] InnoDB: Database was not shutdown normally!
2018-06-03 08:31:12 4524 [Note] InnoDB: Starting crash recovery.
2018-06-03 08:31:12 4524 [Note] InnoDB: Reading tablespace information from the .ibd files...
2018-06-03 08:31:15 4524 [Note] InnoDB: Restoring possible half-written data pages 
2018-06-03 08:31:15 4524 [Note] InnoDB: from the doublewrite buffer...
2018-06-03 08:31:24 4524 [Note] InnoDB: 128 rollback segment(s) are active.
2018-06-03 08:31:24 4524 [Note] InnoDB: Waiting for purge to start
2018-06-03 08:31:24 4524 [Note] InnoDB: 5.6.13 started; log sequence number 1933706
2018-06-03 08:31:24 4524 [Note] Server hostname (bind-address): '*'; port: 3307
2018-06-03 08:31:24 4524 [Note] IPv6 is available.
2018-06-03 08:31:24 4524 [Note]   - '::' resolves to '::';
2018-06-03 08:31:24 4524 [Note] Server socket created on IP: '::'.
