::1 - - [07/Jun/2018:23:25:59 -0500] "GET / HTTP/1.1" 200 75885
::1 - - [07/Jun/2018:23:25:59 -0500] "GET /index.php?=PHPE9568F34-D428-11d2-A769-00AA001ACF42 HTTP/1.1" 200 2524
::1 - - [07/Jun/2018:23:25:59 -0500] "GET /index.php?=PHPE9568F35-D428-11d2-A769-00AA001ACF42 HTTP/1.1" 200 2146
::1 - - [07/Jun/2018:23:25:59 -0500] "GET /favicon.ico HTTP/1.1" 404 209
::1 - - [07/Jun/2018:23:26:13 -0500] "GET /comedorUniversitarioFINA HTTP/1.1" 404 222
::1 - - [07/Jun/2018:23:26:34 -0500] "GET /ComedorUniversitarioFINAL HTTP/1.1" 301 256
::1 - - [07/Jun/2018:23:26:34 -0500] "GET /ComedorUniversitarioFINAL/ HTTP/1.1" 200 6996
::1 - - [07/Jun/2018:23:26:39 -0500] "POST /ComedorUniversitarioFINAL/index.php/login/ValidarAcceso HTTP/1.1" 302 -
::1 - - [07/Jun/2018:23:26:39 -0500] "GET /ComedorUniversitarioFINAL/index.php HTTP/1.1" 200 6895
::1 - - [07/Jun/2018:23:26:39 -0500] "GET /ComedorUniversitarioFINAL/imagenes/images.jpg HTTP/1.1" 200 8022
::1 - - [07/Jun/2018:23:26:44 -0500] "GET /ComedorUniversitarioFINAL/index.php/reportes/reportes_con HTTP/1.1" 200 21019
::1 - - [07/Jun/2018:23:26:50 -0500] "POST /ComedorUniversitarioFINAL/index.php/reportes/reportes_con HTTP/1.1" 200 13017
::1 - - [08/Jun/2018:01:22:23 -0500] "GET /ComedorUniversitarioFINAL/index.php/usuarios/nuevo HTTP/1.1" 200 8674
::1 - - [08/Jun/2018:01:22:25 -0500] "POST /ComedorUniversitarioFINAL/index.php/atencioncomedor/Store HTTP/1.1" 500 1252
::1 - - [08/Jun/2018:01:25:17 -0500] "POST /ComedorUniversitarioFINAL/index.php/atencioncomedor/Store HTTP/1.1" 500 1252
::1 - - [08/Jun/2018:01:32:48 -0500] "POST /ComedorUniversitarioFINAL/index.php/atencioncomedor/Store HTTP/1.1" 500 1252
::1 - - [08/Jun/2018:01:39:46 -0500] "GET /ComedorUniversitarioFINAL/index.php/reportes/reportes_con HTTP/1.1" 200 21019
::1 - - [08/Jun/2018:01:40:02 -0500] "GET /ComedorUniversitarioFINAL/index.php/usuarios/nuevo HTTP/1.1" 200 8667
::1 - - [08/Jun/2018:01:40:22 -0500] "POST /ComedorUniversitarioFINAL/index.php/usuarios/Nuevo HTTP/1.1" 200 8790
::1 - - [08/Jun/2018:01:40:32 -0500] "POST /ComedorUniversitarioFINAL/index.php/usuarios/Nuevo HTTP/1.1" 302 -
::1 - - [08/Jun/2018:01:40:33 -0500] "GET /ComedorUniversitarioFINAL/index.php/usuarios?save=true HTTP/1.1" 200 10879
::1 - - [08/Jun/2018:01:40:50 -0500] "GET /ComedorUniversitarioFINAL/index.php/usuarios HTTP/1.1" 200 10786
::1 - - [08/Jun/2018:01:40:53 -0500] "GET /ComedorUniversitarioFINAL/index.php/usuarios/editar/6/ HTTP/1.1" 200 8731
::1 - - [08/Jun/2018:01:41:30 -0500] "POST /ComedorUniversitarioFINAL/index.php/usuarios/Nuevo HTTP/1.1" 200 8736
::1 - - [08/Jun/2018:01:41:31 -0500] "POST /ComedorUniversitarioFINAL/index.php/usuarios/Nuevo HTTP/1.1" 200 8800
::1 - - [08/Jun/2018:01:41:37 -0500] "GET /ComedorUniversitarioFINAL/index.php/usuarios HTTP/1.1" 200 10786
::1 - - [08/Jun/2018:01:43:25 -0500] "GET /ComedorUniversitarioFINAL/index.php/usuarios/editar/6/ HTTP/1.1" 200 8731
::1 - - [08/Jun/2018:01:43:49 -0500] "POST /ComedorUniversitarioFINAL/index.php/usuarios/Nuevo HTTP/1.1" 200 8733
::1 - - [08/Jun/2018:01:43:52 -0500] "POST /ComedorUniversitarioFINAL/index.php/usuarios/Nuevo HTTP/1.1" 200 8797
::1 - - [08/Jun/2018:01:43:55 -0500] "GET /ComedorUniversitarioFINAL/index.php/usuarios HTTP/1.1" 200 10786
