2018-06-06 22:38:53 2764 [Note] Plugin 'FEDERATED' is disabled.
2018-06-06 22:38:53 2764 [Note] InnoDB: The InnoDB memory heap is disabled
2018-06-06 22:38:54 2764 [Note] InnoDB: Mutexes and rw_locks use Windows interlocked functions
2018-06-06 22:38:54 2764 [Note] InnoDB: Compressed tables use zlib 1.2.3
2018-06-06 22:38:54 2764 [Note] InnoDB: Not using CPU crc32 instructions
2018-06-06 22:38:54 2764 [Note] InnoDB: Initializing buffer pool, size = 128.0M
2018-06-06 22:38:54 2764 [Note] InnoDB: Completed initialization of buffer pool
2018-06-06 22:38:54 2764 [Note] InnoDB: Highest supported file format is Barracuda.
2018-06-06 22:38:54 2764 [Note] InnoDB: The log sequence numbers 1626134 and 1626134 in ibdata files do not match the log sequence number 2043098 in the ib_logfiles!
2018-06-06 22:38:54 2764 [Note] InnoDB: Database was not shutdown normally!
2018-06-06 22:38:54 2764 [Note] InnoDB: Starting crash recovery.
2018-06-06 22:38:54 2764 [Note] InnoDB: Reading tablespace information from the .ibd files...
2018-06-06 22:38:54 2764 [Note] InnoDB: Restoring possible half-written data pages 
2018-06-06 22:38:54 2764 [Note] InnoDB: from the doublewrite buffer...
2018-06-06 22:38:55 2764 [Note] InnoDB: 128 rollback segment(s) are active.
2018-06-06 22:38:55 2764 [Note] InnoDB: Waiting for purge to start
2018-06-06 22:38:55 2764 [Note] InnoDB: 5.6.13 started; log sequence number 2043098
2018-06-06 22:38:55 2764 [Note] Server hostname (bind-address): '*'; port: 3307
2018-06-06 22:38:55 2764 [Note] IPv6 is available.
2018-06-06 22:38:55 2764 [Note]   - '::' resolves to '::';
2018-06-06 22:38:55 2764 [Note] Server socket created on IP: '::'.
2018-06-06 22:39:32 764 [Note] Plugin 'FEDERATED' is disabled.
2018-06-06 22:39:32 764 [Note] InnoDB: The InnoDB memory heap is disabled
2018-06-06 22:39:32 764 [Note] InnoDB: Mutexes and rw_locks use Windows interlocked functions
2018-06-06 22:39:32 764 [Note] InnoDB: Compressed tables use zlib 1.2.3
2018-06-06 22:39:32 764 [Note] InnoDB: Not using CPU crc32 instructions
2018-06-06 22:39:32 764 [Note] InnoDB: Initializing buffer pool, size = 128.0M
2018-06-06 22:39:32 764 [Note] InnoDB: Completed initialization of buffer pool
2018-06-06 22:39:32 764 [Note] InnoDB: Highest supported file format is Barracuda.
2018-06-06 22:39:32 764 [Note] InnoDB: The log sequence numbers 1626134 and 1626134 in ibdata files do not match the log sequence number 2043108 in the ib_logfiles!
2018-06-06 22:39:32 764 [Note] InnoDB: Database was not shutdown normally!
2018-06-06 22:39:32 764 [Note] InnoDB: Starting crash recovery.
2018-06-06 22:39:32 764 [Note] InnoDB: Reading tablespace information from the .ibd files...
2018-06-06 22:39:32 764 [Note] InnoDB: Restoring possible half-written data pages 
2018-06-06 22:39:32 764 [Note] InnoDB: from the doublewrite buffer...
2018-06-06 22:39:33 764 [Note] InnoDB: 128 rollback segment(s) are active.
2018-06-06 22:39:33 764 [Note] InnoDB: Waiting for purge to start
2018-06-06 22:39:33 764 [Note] InnoDB: 5.6.13 started; log sequence number 2043108
2018-06-06 22:39:33 764 [Note] Server hostname (bind-address): '*'; port: 3307
2018-06-06 22:39:33 764 [Note] IPv6 is available.
2018-06-06 22:39:33 764 [Note]   - '::' resolves to '::';
2018-06-06 22:39:33 764 [Note] Server socket created on IP: '::'.
2018-06-06 22:41:03 2456 [Note] Plugin 'FEDERATED' is disabled.
2018-06-06 22:41:03 2456 [Note] InnoDB: The InnoDB memory heap is disabled
2018-06-06 22:41:03 2456 [Note] InnoDB: Mutexes and rw_locks use Windows interlocked functions
2018-06-06 22:41:03 2456 [Note] InnoDB: Compressed tables use zlib 1.2.3
2018-06-06 22:41:03 2456 [Note] InnoDB: Not using CPU crc32 instructions
2018-06-06 22:41:03 2456 [Note] InnoDB: Initializing buffer pool, size = 128.0M
2018-06-06 22:41:03 2456 [Note] InnoDB: Completed initialization of buffer pool
2018-06-06 22:41:03 2456 [Note] InnoDB: Highest supported file format is Barracuda.
2018-06-06 22:41:03 2456 [Note] InnoDB: Log scan progressed past the checkpoint lsn 2043108
2018-06-06 22:41:03 2456 [Note] InnoDB: Database was not shutdown normally!
2018-06-06 22:41:03 2456 [Note] InnoDB: Starting crash recovery.
2018-06-06 22:41:03 2456 [Note] InnoDB: Reading tablespace information from the .ibd files...
2018-06-06 22:41:03 2456 [Note] InnoDB: Restoring possible half-written data pages 
2018-06-06 22:41:03 2456 [Note] InnoDB: from the doublewrite buffer...
InnoDB: Doing recovery: scanned up to log sequence number 2043118
2018-06-06 22:41:04 2456 [Note] InnoDB: 128 rollback segment(s) are active.
2018-06-06 22:41:04 2456 [Note] InnoDB: Waiting for purge to start
2018-06-06 22:41:04 2456 [Note] InnoDB: 5.6.13 started; log sequence number 2043118
2018-06-06 22:41:04 2456 [Note] Server hostname (bind-address): '*'; port: 3307
2018-06-06 22:41:04 2456 [Note] IPv6 is available.
2018-06-06 22:41:04 2456 [Note]   - '::' resolves to '::';
2018-06-06 22:41:04 2456 [Note] Server socket created on IP: '::'.
